0 info it worked if it ends with ok
1 verbose cli [ 'C:\\Program Files\\nodejs\\node.exe',
1 verbose cli   'C:\\Program Files\\nodejs\\node_modules\\npm\\bin\\npm-cli.js',
1 verbose cli   'start' ]
2 info using npm@3.10.10
3 info using node@v7.3.0
4 verbose run-script [ 'prestart', 'start', 'poststart' ]
5 info lifecycle Glintt.Operations.Manger@1.0.0~prestart: Glintt.Operations.Manger@1.0.0
6 silly lifecycle Glintt.Operations.Manger@1.0.0~prestart: no script for prestart, continuing
7 info lifecycle Glintt.Operations.Manger@1.0.0~start: Glintt.Operations.Manger@1.0.0
8 verbose lifecycle Glintt.Operations.Manger@1.0.0~start: unsafe-perm in lifecycle true
9 verbose lifecycle Glintt.Operations.Manger@1.0.0~start: PATH: C:\Program Files\nodejs\node_modules\npm\bin\node-gyp-bin;D:\Jaime\Project\GOperations.Manager\server\node_modules\.bin;C:\Users\jfranco\.windows-build-tools\python27\;C:\Users\jfranco\.windows-build-tools\python27\Scripts;D:\oracle\product\11.2.0\client_2\bin;C:\Program Files (x86)\PHP\v5.3;D:\oracle\product\11.2.0\client_1\bin;D:\oracle\DevSuiteHome_1\jdk\jre\bin\classic;D:\oracle\DevSuiteHome_1\jdk\jre\bin;D:\oracle\DevSuiteHome_1\jdk\jre\bin\client;D:\oracle\DevSuiteHome_1\jlib;D:\oracle\DevSuiteHome_1\bin;D:\oracle\DevSuiteHome_1\jre\1.4.2\bin\client;D:\oracle\DevSuiteHome_1\jre\1.4.2\bin;C:\orant\bin;C:\Program Files (x86)\Intel\iCLS Client\;C:\Program Files\Intel\iCLS Client\;C:\Windows\system32;C:\Windows;C:\Windows\System32\Wbem;C:\Windows\System32\WindowsPowerShell\v1.0\;C:\Program Files\Intel\Intel(R) Management Engine Components\DAL;C:\Program Files\Intel\Intel(R) Management Engine Components\IPT;C:\Program Files (x86)\Intel\Intel(R) Management Engine Components\DAL;C:\Program Files (x86)\Intel\Intel(R) Management Engine Components\IPT;C:\Program Files\Intel\WiFi\bin\;C:\Program Files\Common Files\Intel\WirelessCommon\;C:\Program Files (x86)\Microsoft;C:\Program Files (x86)\Microsoft SQL Server\100\Tools\Binn\;C:\Program Files\Microsoft SQL Server\100\Tools\Binn\;C:\Program Files (x86)\Microsoft ASP.NET\ASP.NET Web Pages\v1.0\;C:\Program Files\Microsoft SQL Server\110\Tools\Binn\;C:\Program Files\Microsoft\Web Platform Installer\;C:\Program Files (x86)\Windows Kits\8.1\Windows Performance Toolkit\;C:\Program Files\Microsoft SQL Server\120\Tools\Binn\;C:\Program Files (x86)\Windows Live\Shared;C:\Program Files (x86)\Microsoft SQL Server\110\Tools\Binn\;C:\Program Files\Microsoft SQL Server\110\DTS\Binn\;C:\WINDOWS\system32;C:\WINDOWS;C:\WINDOWS\System32\Wbem;C:\WINDOWS\System32\WindowsPowerShell\v1.0\;C:\Python27\Lib\site-packages\django\bin;C:\Program Files (x86)\Skype\Phone\;C:\Program Files\Git\cmd;C:\Program Files\nodejs;C:\Users\jfranco\AppData\Roaming\npm;D:\Program Files\TortoiseSVN\bin;C:\Program Files (x86)\ActiveState Komodo Edit 9\;C:\Python27\;C:\Python27\Scripts;C:\Program File
10 verbose lifecycle Glintt.Operations.Manger@1.0.0~start: CWD: D:\Jaime\Project\GOperations.Manager\server
11 silly lifecycle Glintt.Operations.Manger@1.0.0~start: Args: [ '/d /s /c',
11 silly lifecycle   'nodemon --watch src --exec babel-node -- src/index.js' ]
12 verbose stack Error: kill ENOSYS
12 verbose stack     at exports._errnoException (util.js:1022:11)
12 verbose stack     at process.kill (internal/process.js:173:13)
12 verbose stack     at process.listener (C:\Program Files\nodejs\node_modules\npm\node_modules\npmlog\node_modules\gauge\node_modules\signal-exit\index.js:86:15)
12 verbose stack     at emitNone (events.js:91:20)
12 verbose stack     at process.emit (events.js:185:7)
12 verbose stack     at processEmit (C:\Program Files\nodejs\node_modules\npm\node_modules\npmlog\node_modules\gauge\node_modules\signal-exit\index.js:146:32)
12 verbose stack     at processEmit (C:\Program Files\nodejs\node_modules\npm\node_modules\npm-registry-client\node_modules\npmlog\node_modules\gauge\node_modules\signal-exit\index.js:146:32)
12 verbose stack     at Signal.wrap.onsignal (internal/process.js:200:44)
13 verbose cwd D:\Jaime\Project\GOperations.Manager\server
14 error Windows_NT 10.0.10586
15 error argv "C:\\Program Files\\nodejs\\node.exe" "C:\\Program Files\\nodejs\\node_modules\\npm\\bin\\npm-cli.js" "start"
16 error node v7.3.0
17 error npm  v3.10.10
18 error code ENOSYS
19 error errno ENOSYS
20 error syscall kill
21 error kill ENOSYS
22 error If you need help, you may report this error at:
22 error     <https://github.com/npm/npm/issues>
23 verbose exit [ 1, true ]
